------------------------------------------------------------------------------
                           GCC Code Coverage Report
Directory: .
------------------------------------------------------------------------------
File                                       Lines    Exec  Cover   Missing
------------------------------------------------------------------------------
utExecutionAndResults/utUnderTest/src/Tool_Process.c
                                               8       8   100%
------------------------------------------------------------------------------
TOTAL                                          8       8   100%
------------------------------------------------------------------------------
